New log file opened at Mon Feb 27 19:17:53 EET 2017 by 17945@Avis-MacBook-Pro-2.local
Taking next connection to: 63472
New client attempting to connect on port: 63473-63472
  Address = /192.168.1.107:63472
This client on port 63473 has uuid e7d55e3c-c678-47de-8eae-8b2e06548605 configName activator humanReadableName Activator protocolVersion 3 featureTags Vector()
Connected Clients: activator-e7d55e3c-c678-47de-8eae-8b2e06548605
Taking next connection to: 63472
New client attempting to connect on port: 63474-63472
  Address = /192.168.1.107:63472
Handshake exception on socket: 63474
sbt.impl.ipc.HandshakeException: Unable to perform handshake
	at sbt.impl.ipc.Peer.handshake(IPC.scala:46)
	at sbt.impl.ipc.MultiClientServer.<init>(IPC.scala:150)
	at sbt.server.SbtServerSocketHandler$$anon$1.run(SbtServerSocketHandler.scala:43)
Caused by: java.io.EOFException
	at java.io.DataInputStream.readInt(DataInputStream.java:392)
	at sbt.impl.ipc.Peer.receive(IPC.scala:95)
	at sbt.impl.ipc.Peer.handshake(IPC.scala:49)
	... 2 more
Taking next connection to: 63472
New client attempting to connect on port: 63475-63472
  Address = /192.168.1.107:63472
This client on port 63475 has uuid c1f9727a-2b73-4192-b0c0-d8f605a94d16 configName activator humanReadableName Activator protocolVersion 3 featureTags Vector()
Connected Clients: activator-e7d55e3c-c678-47de-8eae-8b2e06548605, activator-c1f9727a-2b73-4192-b0c0-d8f605a94d16
Taking next connection to: 63472
